0 info it worked if it ends with ok
1 verbose cli [ 'C:\\Program Files\\nodejs\\node.exe',
1 verbose cli   'C:\\Users\\Administrator\\AppData\\Roaming\\npm\\node_modules\\npm\\bin\\npm-cli.js',
1 verbose cli   'run',
1 verbose cli   'build' ]
2 info using npm@3.10.5
3 info using node@v4.4.2
4 verbose run-script [ 'prebuild', 'build', 'postbuild' ]
5 info lifecycle Process@1.0.0~prebuild: Process@1.0.0
6 silly lifecycle Process@1.0.0~prebuild: no script for prebuild, continuing
7 info lifecycle Process@1.0.0~build: Process@1.0.0
8 verbose lifecycle Process@1.0.0~build: unsafe-perm in lifecycle true
9 verbose lifecycle Process@1.0.0~build: PATH: C:\Users\Administrator\AppData\Roaming\npm\node_modules\npm\bin\node-gyp-bin;H:\formal\Process\node_modules\.bin;C:\Program Files\nodejs;C:\Users\Administrator\bin;D:\github\Git\mingw64\bin;D:\github\Git\usr\local\bin;D:\github\Git\usr\bin;D:\github\Git\usr\bin;D:\github\Git\mingw64\bin;D:\github\Git\usr\bin;C:\Program Files\nodejs;E:\app\Administrator\product\11.2.0\client_1;C:\Program Files (x86)\NVIDIA Corporation\PhysX\Common;C:\Program Files\Java\jdk1.7.0_67\bin;C:\Program Files\Java\jdk1.7.0_67\jre7\bin;C:\WINDOWS\system32;C:\WINDOWS;C:\WINDOWS\system32\wbem;C:\Program Files\Java\jdk1.7.0_67\lib;C:\WINDOWS\System32\Wbem;C:\WINDOWS\System32\WindowsPowerShell\v1.0;C:\Program Files\nodejs;D:\github\Git\usr\bin;C:\Program Files\MongoDB 2.6 Standard\bin;C:\Program Files\Java\jdk1.8.0_45;C:\Users\Administrator\AppData\Roaming\npm;%USERPROFILE%\AppData\Local\Microsoft\WindowsApps;D:\github\Git\usr\bin\vendor_perl;D:\github\Git\usr\bin\core_perl
10 verbose lifecycle Process@1.0.0~build: CWD: H:\formal\Process
11 silly lifecycle Process@1.0.0~build: Args: [ '/d /s /c', '-webpack  --precess --color' ]
12 silly lifecycle Process@1.0.0~build: Returned: code: 1  signal: null
13 info lifecycle Process@1.0.0~build: Failed to exec build script
14 verbose stack Error: Process@1.0.0 build: `-webpack  --precess --color`
14 verbose stack Exit status 1
14 verbose stack     at EventEmitter.<anonymous> (C:\Users\Administrator\AppData\Roaming\npm\node_modules\npm\lib\utils\lifecycle.js:242:16)
14 verbose stack     at emitTwo (events.js:87:13)
14 verbose stack     at EventEmitter.emit (events.js:172:7)
14 verbose stack     at ChildProcess.<anonymous> (C:\Users\Administrator\AppData\Roaming\npm\node_modules\npm\lib\utils\spawn.js:40:14)
14 verbose stack     at emitTwo (events.js:87:13)
14 verbose stack     at ChildProcess.emit (events.js:172:7)
14 verbose stack     at maybeClose (internal/child_process.js:827:16)
14 verbose stack     at Process.ChildProcess._handle.onexit (internal/child_process.js:211:5)
15 verbose pkgid Process@1.0.0
16 verbose cwd H:\formal\Process\templates
17 error Windows_NT 10.0.14393
18 error argv "C:\\Program Files\\nodejs\\node.exe" "C:\\Users\\Administrator\\AppData\\Roaming\\npm\\node_modules\\npm\\bin\\npm-cli.js" "run" "build"
19 error node v4.4.2
20 error npm  v3.10.5
21 error code ELIFECYCLE
22 error Process@1.0.0 build: `-webpack  --precess --color`
22 error Exit status 1
23 error Failed at the Process@1.0.0 build script '-webpack  --precess --color'.
23 error Make sure you have the latest version of node.js and npm installed.
23 error If you do, this is most likely a problem with the Process package,
23 error not with npm itself.
23 error Tell the author that this fails on your system:
23 error     -webpack  --precess --color
23 error You can get information on how to open an issue for this project with:
23 error     npm bugs Process
23 error Or if that isn't available, you can get their info via:
23 error     npm owner ls Process
23 error There is likely additional logging output above.
24 verbose exit [ 1, true ]
